<?xml version="1.0" encoding="UTF-8"?>
<!-- Generated by org.testng.reporters.JUnitReportReporter -->
<testsuite skipped="1" hostname="TH1554" name="com.milvik.mip.customermanagement.testrunner.MIP_ChangeCoverLevel_Test" tests="7" failures="0" timestamp="03 Jul 2018 10:38:17 GMT" time="234.684" errors="0">
  <testcase name="changeCoverLevel" time="36.423" classname="com.milvik.mip.customermanagement.testrunner.MIP_ChangeCoverLevel_Test"/>
  <testcase name="changeCoverLevel" time="42.021" classname="com.milvik.mip.customermanagement.testrunner.MIP_ChangeCoverLevel_Test"/>
  <testcase name="changeCoverLevel" time="35.589" classname="com.milvik.mip.customermanagement.testrunner.MIP_ChangeCoverLevel_Test"/>
  <testcase name="changeCoverLevel" time="39.835" classname="com.milvik.mip.customermanagement.testrunner.MIP_ChangeCoverLevel_Test"/>
  <testcase name="changeCoverLevel" time="44.536" classname="com.milvik.mip.customermanagement.testrunner.MIP_ChangeCoverLevel_Test"/>
  <testcase name="changeCoverLevel" time="36.280" classname="com.milvik.mip.customermanagement.testrunner.MIP_ChangeCoverLevel_Test"/>
  <testcase name="validate_changeCoverLevel" classname="com.milvik.mip.customermanagement.testrunner.MIP_ChangeCoverLevel_Test">
    <skipped/>
  </testcase> <!-- validate_changeCoverLevel -->
</testsuite> <!-- com.milvik.mip.customermanagement.testrunner.MIP_ChangeCoverLevel_Test -->
