<?xml version="1.0" encoding="UTF-8"?>
<!-- Generated by org.testng.reporters.JUnitReportReporter -->
<testsuite skipped="0" hostname="TH1554" name="com.milvik.mip.customermanagement.testrunner.MIP_CustRegistration_Test" tests="12" failures="0" timestamp="03 Jul 2018 06:40:39 GMT" time="79.232" errors="0">
  <testcase name="fieldValidationWithNegativeData_Postpaid" time="6.020" classname="com.milvik.mip.customermanagement.testrunner.MIP_CustRegistration_Test"/>
  <testcase name="fieldValidationWithNegativeData_Postpaid" time="8.685" classname="com.milvik.mip.customermanagement.testrunner.MIP_CustRegistration_Test"/>
  <testcase name="fieldValidationWithNegativeData_Postpaid" time="5.341" classname="com.milvik.mip.customermanagement.testrunner.MIP_CustRegistration_Test"/>
  <testcase name="fieldValidationWithNegativeData_Postpaid" time="5.275" classname="com.milvik.mip.customermanagement.testrunner.MIP_CustRegistration_Test"/>
  <testcase name="fieldValidationWithNegativeData_Postpaid" time="5.370" classname="com.milvik.mip.customermanagement.testrunner.MIP_CustRegistration_Test"/>
  <testcase name="fieldValidationWithNegativeData_Postpaid" time="5.346" classname="com.milvik.mip.customermanagement.testrunner.MIP_CustRegistration_Test"/>
  <testcase name="fieldValidationWithNegativeData_Postpaid" time="5.293" classname="com.milvik.mip.customermanagement.testrunner.MIP_CustRegistration_Test"/>
  <testcase name="fieldValidationWithNegativeData_Postpaid" time="5.311" classname="com.milvik.mip.customermanagement.testrunner.MIP_CustRegistration_Test"/>
  <testcase name="fieldValidationWithNegativeData_Postpaid" time="13.445" classname="com.milvik.mip.customermanagement.testrunner.MIP_CustRegistration_Test"/>
  <testcase name="fieldValidationWithNegativeData_Postpaid" time="8.064" classname="com.milvik.mip.customermanagement.testrunner.MIP_CustRegistration_Test"/>
  <testcase name="fieldValidationWithNegativeData_Postpaid" time="5.539" classname="com.milvik.mip.customermanagement.testrunner.MIP_CustRegistration_Test"/>
  <testcase name="fieldValidationWithNegativeData_Postpaid" time="5.543" classname="com.milvik.mip.customermanagement.testrunner.MIP_CustRegistration_Test"/>
</testsuite> <!-- com.milvik.mip.customermanagement.testrunner.MIP_CustRegistration_Test -->
