<?xml version="1.0" encoding="UTF-8"?>
<!-- Generated by org.testng.reporters.JUnitReportReporter -->
<testsuite skipped="15" hostname="TH1554" name="com.milvik.mip.customermanagement.testrunner.MIP_CustRegistration_Test" tests="16" failures="0" timestamp="05 Jul 2018 11:42:27 GMT" time="0.207" errors="1">
  <testcase name="fieldValidationWithNegativeData_Postpaid" time="0.001" classname="com.milvik.mip.customermanagement.testrunner.MIP_CustRegistration_Test">
    <skipped/>
  </testcase> <!-- fieldValidationWithNegativeData_Postpaid -->
  <testcase name="fieldValidationWithNegativeData_Postpaid" time="0.000" classname="com.milvik.mip.customermanagement.testrunner.MIP_CustRegistration_Test">
    <skipped/>
  </testcase> <!-- fieldValidationWithNegativeData_Postpaid -->
  <testcase name="fieldValidationWithNegativeData_Postpaid" time="0.000" classname="com.milvik.mip.customermanagement.testrunner.MIP_CustRegistration_Test">
    <skipped/>
  </testcase> <!-- fieldValidationWithNegativeData_Postpaid -->
  <testcase name="fieldValidationWithNegativeData_Postpaid" time="0.000" classname="com.milvik.mip.customermanagement.testrunner.MIP_CustRegistration_Test">
    <skipped/>
  </testcase> <!-- fieldValidationWithNegativeData_Postpaid -->
  <testcase name="fieldValidationWithNegativeData_Postpaid" time="0.000" classname="com.milvik.mip.customermanagement.testrunner.MIP_CustRegistration_Test">
    <skipped/>
  </testcase> <!-- fieldValidationWithNegativeData_Postpaid -->
  <testcase name="fieldValidationWithNegativeData_Postpaid" time="0.000" classname="com.milvik.mip.customermanagement.testrunner.MIP_CustRegistration_Test">
    <skipped/>
  </testcase> <!-- fieldValidationWithNegativeData_Postpaid -->
  <testcase name="fieldValidationWithNegativeData_Postpaid" time="0.000" classname="com.milvik.mip.customermanagement.testrunner.MIP_CustRegistration_Test">
    <skipped/>
  </testcase> <!-- fieldValidationWithNegativeData_Postpaid -->
  <testcase name="fieldValidationWithNegativeData_Postpaid" time="0.000" classname="com.milvik.mip.customermanagement.testrunner.MIP_CustRegistration_Test">
    <skipped/>
  </testcase> <!-- fieldValidationWithNegativeData_Postpaid -->
  <testcase name="fieldValidationWithNegativeData_Postpaid" time="0.000" classname="com.milvik.mip.customermanagement.testrunner.MIP_CustRegistration_Test">
    <skipped/>
  </testcase> <!-- fieldValidationWithNegativeData_Postpaid -->
  <testcase name="fieldValidationWithNegativeData_Postpaid" time="0.000" classname="com.milvik.mip.customermanagement.testrunner.MIP_CustRegistration_Test">
    <skipped/>
  </testcase> <!-- fieldValidationWithNegativeData_Postpaid -->
  <testcase name="test_setup" time="0.206" classname="com.milvik.mip.customermanagement.testrunner.MIP_CustRegistration_Test">
    <error type="java.lang.NullPointerException">
      <![CDATA[java.lang.NullPointerException
	at com.google.common.base.Preconditions.checkNotNull(Preconditions.java:787)
	at org.openqa.selenium.support.ui.FluentWait.<init>(FluentWait.java:96)
	at org.openqa.selenium.support.ui.WebDriverWait.<init>(WebDriverWait.java:72)
	at org.openqa.selenium.support.ui.WebDriverWait.<init>(WebDriverWait.java:46)
	at com.milvik.mip.customermanagement.testrunner.MIP_CustRegistration_Test.test_setup(MIP_CustRegistration_Test.java:81)
	at sun.reflect.NativeMethodAccessorImpl.invoke0(Native Method)
	at sun.reflect.NativeMethodAccessorImpl.invoke(NativeMethodAccessorImpl.java:62)
	at sun.reflect.DelegatingMethodAccessorImpl.invoke(DelegatingMethodAccessorImpl.java:43)
	at java.lang.reflect.Method.invoke(Method.java:498)
	at org.testng.internal.MethodInvocationHelper.invokeMethod(MethodInvocationHelper.java:108)
	at org.testng.internal.Invoker.invokeConfigurationMethod(Invoker.java:523)
	at org.testng.internal.Invoker.invokeConfigurations(Invoker.java:224)
	at org.testng.internal.Invoker.invokeConfigurations(Invoker.java:146)
	at org.testng.TestRunner.beforeRun(TestRunner.java:626)
	at org.testng.TestRunner.run(TestRunner.java:594)
	at org.testng.SuiteRunner.runTest(SuiteRunner.java:380)
	at org.testng.SuiteRunner.runSequentially(SuiteRunner.java:375)
	at org.testng.SuiteRunner.privateRun(SuiteRunner.java:340)
	at org.testng.SuiteRunner.run(SuiteRunner.java:289)
	at org.testng.SuiteRunnerWorker.runSuite(SuiteRunnerWorker.java:52)
	at org.testng.SuiteRunnerWorker.run(SuiteRunnerWorker.java:86)
	at org.testng.TestNG.runSuitesSequentially(TestNG.java:1301)
	at org.testng.TestNG.runSuitesLocally(TestNG.java:1226)
	at org.testng.TestNG.runSuites(TestNG.java:1144)
	at org.testng.TestNG.run(TestNG.java:1115)
	at org.testng.remote.AbstractRemoteTestNG.run(AbstractRemoteTestNG.java:114)
	at org.testng.remote.RemoteTestNG.initAndRun(RemoteTestNG.java:251)
	at org.testng.remote.RemoteTestNG.main(RemoteTestNG.java:77)
]]>
    </error>
  </testcase> <!-- test_setup -->
  <testcase name="fieldValidationWithNegativeData_Postpaid" time="0.000" classname="com.milvik.mip.customermanagement.testrunner.MIP_CustRegistration_Test">
    <skipped/>
  </testcase> <!-- fieldValidationWithNegativeData_Postpaid -->
  <testcase name="fieldValidationWithNegativeData_Postpaid" time="0.000" classname="com.milvik.mip.customermanagement.testrunner.MIP_CustRegistration_Test">
    <skipped/>
  </testcase> <!-- fieldValidationWithNegativeData_Postpaid -->
  <testcase name="mandatoryFieldValidationInregistration" time="0.000" classname="com.milvik.mip.customermanagement.testrunner.MIP_CustRegistration_Test">
    <skipped/>
  </testcase> <!-- mandatoryFieldValidationInregistration -->
  <testcase name="changeCustomerDetails" classname="com.milvik.mip.customermanagement.testrunner.MIP_CustRegistration_Test">
    <skipped/>
  </testcase> <!-- changeCustomerDetails -->
  <testcase name="registrationTest" classname="com.milvik.mip.customermanagement.testrunner.MIP_CustRegistration_Test">
    <skipped/>
  </testcase> <!-- registrationTest -->
</testsuite> <!-- com.milvik.mip.customermanagement.testrunner.MIP_CustRegistration_Test -->
